<?xml version="1.0" encoding="UTF-8"?>
<testng-results ignored="0" total="1" passed="1" failed="0" skipped="0">
  <reporter-output>
  </reporter-output>
  <suite started-at="2023-06-20T18:52:44 IST" name="Default suite" finished-at="2023-06-20T18:53:05 IST" duration-ms="20946">
    <groups>
    </groups>
    <test started-at="2023-06-20T18:52:44 IST" name="Default test" finished-at="2023-06-20T18:53:05 IST" duration-ms="20946">
      <class name="Pom_Ddf_BaseClass_utility_testng.PBTC1FullNameVerificationTest">
        <test-method is-config="true" signature="InvokBrowser()[pri:0, instance:Pom_Ddf_BaseClass_utility_testng.PBTC1FullNameVerificationTest@593aaf41]" started-at="2023-06-20T18:52:44 IST" name="InvokBrowser" finished-at="2023-06-20T18:52:53 IST" duration-ms="8567" status="PASS">
          <reporter-output>
          </reporter-output>
        </test-method> <!-- InvokBrowser -->
        <test-method is-config="true" signature="LoginToApp()[pri:0, instance:Pom_Ddf_BaseClass_utility_testng.PBTC1FullNameVerificationTest@593aaf41]" started-at="2023-06-20T18:52:53 IST" name="LoginToApp" finished-at="2023-06-20T18:53:02 IST" duration-ms="9887" status="PASS">
          <reporter-output>
          </reporter-output>
        </test-method> <!-- LoginToApp -->
        <test-method signature="VerifyFullname()[pri:0, instance:Pom_Ddf_BaseClass_utility_testng.PBTC1FullNameVerificationTest@593aaf41]" started-at="2023-06-20T18:53:02 IST" name="VerifyFullname" finished-at="2023-06-20T18:53:04 IST" duration-ms="1950" status="PASS">
          <reporter-output>
          </reporter-output>
        </test-method> <!-- VerifyFullname -->
        <test-method is-config="true" signature="LogoutfromApp()[pri:0, instance:Pom_Ddf_BaseClass_utility_testng.PBTC1FullNameVerificationTest@593aaf41]" started-at="2023-06-20T18:53:04 IST" name="LogoutfromApp" finished-at="2023-06-20T18:53:04 IST" duration-ms="0" status="PASS">
          <reporter-output>
          </reporter-output>
        </test-method> <!-- LogoutfromApp -->
        <test-method is-config="true" signature="CloseBrowser()[pri:0, instance:Pom_Ddf_BaseClass_utility_testng.PBTC1FullNameVerificationTest@593aaf41]" started-at="2023-06-20T18:53:04 IST" name="CloseBrowser" finished-at="2023-06-20T18:53:05 IST" duration-ms="424" status="PASS">
          <reporter-output>
          </reporter-output>
        </test-method> <!-- CloseBrowser -->
      </class> <!-- Pom_Ddf_BaseClass_utility_testng.PBTC1FullNameVerificationTest -->
    </test> <!-- Default test -->
  </suite> <!-- Default suite -->
</testng-results>
